<?xml version="1.0" encoding="UTF-8"?>
<!-- Generated by org.testng.reporters.JUnitXMLReporter -->
<testsuite hostname="IN2196867W4" ignored="0" name="Test" tests="5" failures="0" timestamp="2021-08-12T09:54:49 IST" time="73.774" errors="0">
  <testcase name="firsttestcase" time="19.102" classname="Testcase.facebooklogin"/>
  <testcase name="firsttestcase" time="11.74" classname="Testcase.facebooklogin"/>
  <testcase name="firsttestcase" time="10.461" classname="Testcase.facebooklogin"/>
  <testcase name="firsttestcase" time="14.109" classname="Testcase.facebooklogin"/>
  <testcase name="firsttestcase" time="12.322" classname="Testcase.facebooklogin"/>
</testsuite> <!-- Test -->
