<?xml version="1.0" encoding="UTF-8"?>
<!-- Generated by org.testng.reporters.JUnitXMLReporter -->
<testsuite hostname="IN2196867W4" ignored="0" name="Test" tests="5" failures="0" timestamp="2021-08-11T10:19:37 IST" time="95.553" errors="0">
  <testcase name="firsttestcase" time="18.703" classname="Testcase.facebooklogin"/>
  <testcase name="firsttestcase" time="13.78" classname="Testcase.facebooklogin"/>
  <testcase name="firsttestcase" time="13.624" classname="Testcase.facebooklogin"/>
  <testcase name="firsttestcase" time="21.17" classname="Testcase.facebooklogin"/>
  <testcase name="firsttestcase" time="19.811" classname="Testcase.facebooklogin"/>
</testsuite> <!-- Test -->
